<?xml version="1.0" encoding="UTF-8"?>
<!-- Generated by org.testng.reporters.JUnitReportReporter -->
<testsuite hostname="84a49fe8cc93" failures="0" tests="9" name="com.hanoi1610.tests.vendorportal.VendorPortalTest" time="36.365" errors="0" timestamp="2024-07-17T23:43:24 GMT" skipped="0">
  <testcase classname="com.hanoi1610.tests.vendorportal.VendorPortalTest" name="dashboardTest" time="4.330"/>
  <testcase classname="com.hanoi1610.tests.vendorportal.VendorPortalTest" name="logoutTest" time="2.667"/>
  <testcase classname="com.hanoi1610.tests.vendorportal.VendorPortalTest" name="dashboardTest" time="4.358"/>
  <testcase classname="com.hanoi1610.tests.vendorportal.VendorPortalTest" name="loginTest" time="4.591"/>
  <testcase classname="com.hanoi1610.tests.vendorportal.VendorPortalTest" name="logoutTest" time="2.758"/>
  <testcase classname="com.hanoi1610.tests.vendorportal.VendorPortalTest" name="loginTest" time="4.655"/>
  <testcase classname="com.hanoi1610.tests.vendorportal.VendorPortalTest" name="logoutTest" time="2.936"/>
  <testcase classname="com.hanoi1610.tests.vendorportal.VendorPortalTest" name="dashboardTest" time="5.017"/>
  <testcase classname="com.hanoi1610.tests.vendorportal.VendorPortalTest" name="loginTest" time="5.053"/>
</testsuite> <!-- com.hanoi1610.tests.vendorportal.VendorPortalTest -->
